Analysis & Synthesis report for small
Sat Aug 16 15:07:29 2025
Quartus Prime Version 20.1.1 Build 720 11/11/2020 SJ Lite Edition


---------------------
; Table of Contents ;
---------------------
  1. Legal Notice
  2. Analysis & Synthesis Summary
  3. Analysis & Synthesis Settings
  4. Parallel Compilation
  5. Analysis & Synthesis Source Files Read
  6. Analysis & Synthesis Resource Usage Summary
  7. Analysis & Synthesis Resource Utilization by Entity
  8. Registers Removed During Synthesis
  9. General Register Statistics
 10. Post-Synthesis Netlist Statistics for Top Partition
 11. Elapsed Time Per Partition
 12. Analysis & Synthesis Messages



----------------
; Legal Notice ;
----------------
Copyright (C) 2020  Intel Corporation. All rights reserved.
Your use of Intel Corporation's design tools, logic functions 
and other software and tools, and any partner logic 
functions, and any output files from any of the foregoing 
(including device programming or simulation files), and any 
associated documentation or information are expressly subject 
to the terms and conditions of the Intel Program License 
Subscription Agreement, the Intel Quartus Prime License Agreement,
the Intel FPGA IP License Agreement, or other applicable license
agreement, including, without limitation, that your use is for
the sole purpose of programming logic devices manufactured by
Intel and sold by Intel or its authorized distributors.  Please
refer to the applicable agreement for further details, at
https://fpgasoftware.intel.com/eula.



+----------------------------------------------------------------------------------+
; Analysis & Synthesis Summary                                                     ;
+------------------------------------+---------------------------------------------+
; Analysis & Synthesis Status        ; Successful - Sat Aug 16 15:07:29 2025       ;
; Quartus Prime Version              ; 20.1.1 Build 720 11/11/2020 SJ Lite Edition ;
; Revision Name                      ; small                                       ;
; Top-level Entity Name              ; top                                         ;
; Family                             ; MAX 10                                      ;
; Total logic elements               ; 1,031                                       ;
;     Total combinational functions  ; 503                                         ;
;     Dedicated logic registers      ; 578                                         ;
; Total registers                    ; 578                                         ;
; Total pins                         ; 19                                          ;
; Total virtual pins                 ; 0                                           ;
; Total memory bits                  ; 0                                           ;
; Embedded Multiplier 9-bit elements ; 0                                           ;
; Total PLLs                         ; 0                                           ;
; UFM blocks                         ; 0                                           ;
; ADC blocks                         ; 0                                           ;
+------------------------------------+---------------------------------------------+


+------------------------------------------------------------------------------------------------------------+
; Analysis & Synthesis Settings                                                                              ;
+------------------------------------------------------------------+--------------------+--------------------+
; Option                                                           ; Setting            ; Default Value      ;
+------------------------------------------------------------------+--------------------+--------------------+
; Device                                                           ; 10M08DAF484C8G     ;                    ;
; Top-level entity name                                            ; top                ; small              ;
; Family name                                                      ; MAX 10             ; Cyclone V          ;
; Use smart compilation                                            ; Off                ; Off                ;
; Enable parallel Assembler and Timing Analyzer during compilation ; On                 ; On                 ;
; Enable compact report table                                      ; Off                ; Off                ;
; Restructure Multiplexers                                         ; Auto               ; Auto               ;
; Create Debugging Nodes for IP Cores                              ; Off                ; Off                ;
; Preserve fewer node names                                        ; On                 ; On                 ;
; Intel FPGA IP Evaluation Mode                                    ; Enable             ; Enable             ;
; Verilog Version                                                  ; Verilog_2001       ; Verilog_2001       ;
; VHDL Version                                                     ; VHDL_1993          ; VHDL_1993          ;
; State Machine Processing                                         ; Auto               ; Auto               ;
; Safe State Machine                                               ; Off                ; Off                ;
; Extract Verilog State Machines                                   ; On                 ; On                 ;
; Extract VHDL State Machines                                      ; On                 ; On                 ;
; Ignore Verilog initial constructs                                ; Off                ; Off                ;
; Iteration limit for constant Verilog loops                       ; 5000               ; 5000               ;
; Iteration limit for non-constant Verilog loops                   ; 250                ; 250                ;
; Add Pass-Through Logic to Inferred RAMs                          ; On                 ; On                 ;
; Infer RAMs from Raw Logic                                        ; On                 ; On                 ;
; Parallel Synthesis                                               ; On                 ; On                 ;
; DSP Block Balancing                                              ; Auto               ; Auto               ;
; NOT Gate Push-Back                                               ; On                 ; On                 ;
; Power-Up Don't Care                                              ; On                 ; On                 ;
; Remove Redundant Logic Cells                                     ; Off                ; Off                ;
; Remove Duplicate Registers                                       ; On                 ; On                 ;
; Ignore CARRY Buffers                                             ; Off                ; Off                ;
; Ignore CASCADE Buffers                                           ; Off                ; Off                ;
; Ignore GLOBAL Buffers                                            ; Off                ; Off                ;
; Ignore ROW GLOBAL Buffers                                        ; Off                ; Off                ;
; Ignore LCELL Buffers                                             ; Off                ; Off                ;
; Ignore SOFT Buffers                                              ; On                 ; On                 ;
; Limit AHDL Integers to 32 Bits                                   ; Off                ; Off                ;
; Optimization Technique                                           ; Balanced           ; Balanced           ;
; Carry Chain Length                                               ; 70                 ; 70                 ;
; Auto Carry Chains                                                ; On                 ; On                 ;
; Auto Open-Drain Pins                                             ; On                 ; On                 ;
; Perform WYSIWYG Primitive Resynthesis                            ; Off                ; Off                ;
; Auto ROM Replacement                                             ; On                 ; On                 ;
; Auto RAM Replacement                                             ; On                 ; On                 ;
; Auto DSP Block Replacement                                       ; On                 ; On                 ;
; Auto Shift Register Replacement                                  ; Auto               ; Auto               ;
; Allow Shift Register Merging across Hierarchies                  ; Auto               ; Auto               ;
; Auto Clock Enable Replacement                                    ; On                 ; On                 ;
; Strict RAM Replacement                                           ; Off                ; Off                ;
; Allow Synchronous Control Signals                                ; On                 ; On                 ;
; Force Use of Synchronous Clear Signals                           ; Off                ; Off                ;
; Auto RAM Block Balancing                                         ; On                 ; On                 ;
; Auto RAM to Logic Cell Conversion                                ; Off                ; Off                ;
; Auto Resource Sharing                                            ; Off                ; Off                ;
; Allow Any RAM Size For Recognition                               ; Off                ; Off                ;
; Allow Any ROM Size For Recognition                               ; Off                ; Off                ;
; Allow Any Shift Register Size For Recognition                    ; Off                ; Off                ;
; Use LogicLock Constraints during Resource Balancing              ; On                 ; On                 ;
; Ignore translate_off and synthesis_off directives                ; Off                ; Off                ;
; Timing-Driven Synthesis                                          ; On                 ; On                 ;
; Report Parameter Settings                                        ; On                 ; On                 ;
; Report Source Assignments                                        ; On                 ; On                 ;
; Report Connectivity Checks                                       ; On                 ; On                 ;
; Ignore Maximum Fan-Out Assignments                               ; Off                ; Off                ;
; Synchronization Register Chain Length                            ; 2                  ; 2                  ;
; Power Optimization During Synthesis                              ; Normal compilation ; Normal compilation ;
; HDL message level                                                ; Level2             ; Level2             ;
; Suppress Register Optimization Related Messages                  ; Off                ; Off                ;
; Number of Removed Registers Reported in Synthesis Report         ; 5000               ; 5000               ;
; Number of Swept Nodes Reported in Synthesis Report               ; 5000               ; 5000               ;
; Number of Inverted Registers Reported in Synthesis Report        ; 100                ; 100                ;
; Clock MUX Protection                                             ; On                 ; On                 ;
; Auto Gated Clock Conversion                                      ; Off                ; Off                ;
; Block Design Naming                                              ; Auto               ; Auto               ;
; SDC constraint protection                                        ; Off                ; Off                ;
; Synthesis Effort                                                 ; Auto               ; Auto               ;
; Shift Register Replacement - Allow Asynchronous Clear Signal     ; On                 ; On                 ;
; Pre-Mapping Resynthesis Optimization                             ; Off                ; Off                ;
; Analysis & Synthesis Message Level                               ; Medium             ; Medium             ;
; Disable Register Merging Across Hierarchies                      ; Auto               ; Auto               ;
; Resource Aware Inference For Block RAM                           ; On                 ; On                 ;
+------------------------------------------------------------------+--------------------+--------------------+


+------------------------------------------+
; Parallel Compilation                     ;
+----------------------------+-------------+
; Processors                 ; Number      ;
+----------------------------+-------------+
; Number detected on machine ; 12          ;
; Maximum allowed            ; 6           ;
;                            ;             ;
; Average used               ; 1.00        ;
; Maximum used               ; 6           ;
;                            ;             ;
; Usage by Processor         ; % Time Used ;
;     Processor 1            ; 100.0%      ;
;     Processor 2            ;   0.0%      ;
;     Processor 3            ;   0.0%      ;
;     Processor 4            ;   0.0%      ;
;     Processor 5            ;   0.0%      ;
;     Processor 6            ;   0.0%      ;
+----------------------------+-------------+


+------------------------------------------------------------------------------------------------------------------------------------------------------------+
; Analysis & Synthesis Source Files Read                                                                                                                     ;
+------------------------------------------+-----------------+------------------------------+------------------------------------------------------+---------+
; File Name with User-Entered Path         ; Used in Netlist ; File Type                    ; File Name with Absolute Path                         ; Library ;
+------------------------------------------+-----------------+------------------------------+------------------------------------------------------+---------+
; ../src/top.sv                            ; yes             ; User SystemVerilog HDL File  ; D:/ConsoleEnv/small-lang/fpga/src/top.sv             ;         ;
; ../src/reg.sv                            ; yes             ; User SystemVerilog HDL File  ; D:/ConsoleEnv/small-lang/fpga/src/reg.sv             ;         ;
; ../src/prog_memory.sv                    ; yes             ; User SystemVerilog HDL File  ; D:/ConsoleEnv/small-lang/fpga/src/prog_memory.sv     ;         ;
; ../src/prog_counter.sv                   ; yes             ; User SystemVerilog HDL File  ; D:/ConsoleEnv/small-lang/fpga/src/prog_counter.sv    ;         ;
; ../src/jump_controller.sv                ; yes             ; User SystemVerilog HDL File  ; D:/ConsoleEnv/small-lang/fpga/src/jump_controller.sv ;         ;
; ../src/inst_decoder.sv                   ; yes             ; User SystemVerilog HDL File  ; D:/ConsoleEnv/small-lang/fpga/src/inst_decoder.sv    ;         ;
; ../src/halt_switch.sv                    ; yes             ; User SystemVerilog HDL File  ; D:/ConsoleEnv/small-lang/fpga/src/halt_switch.sv     ;         ;
; ../src/data_memory.sv                    ; yes             ; User SystemVerilog HDL File  ; D:/ConsoleEnv/small-lang/fpga/src/data_memory.sv     ;         ;
; ../src/cpu.sv                            ; yes             ; User SystemVerilog HDL File  ; D:/ConsoleEnv/small-lang/fpga/src/cpu.sv             ;         ;
; ../src/control_unit.sv                   ; yes             ; User SystemVerilog HDL File  ; D:/ConsoleEnv/small-lang/fpga/src/control_unit.sv    ;         ;
; ../src/alu.sv                            ; yes             ; User SystemVerilog HDL File  ; D:/ConsoleEnv/small-lang/fpga/src/alu.sv             ;         ;
; /consoleenv/small-lang/fpga/src/prog.mem ; yes             ; Auto-Found Unspecified File  ; /consoleenv/small-lang/fpga/src/prog.mem             ;         ;
+------------------------------------------+-----------------+------------------------------+------------------------------------------------------+---------+


+------------------------------------------------------------------+
; Analysis & Synthesis Resource Usage Summary                      ;
+---------------------------------------------+--------------------+
; Resource                                    ; Usage              ;
+---------------------------------------------+--------------------+
; Estimated Total logic elements              ; 1,031              ;
;                                             ;                    ;
; Total combinational functions               ; 503                ;
; Logic element usage by number of LUT inputs ;                    ;
;     -- 4 input functions                    ; 435                ;
;     -- 3 input functions                    ; 45                 ;
;     -- <=2 input functions                  ; 23                 ;
;                                             ;                    ;
; Logic elements by mode                      ;                    ;
;     -- normal mode                          ; 491                ;
;     -- arithmetic mode                      ; 12                 ;
;                                             ;                    ;
; Total registers                             ; 578                ;
;     -- Dedicated logic registers            ; 578                ;
;     -- I/O registers                        ; 0                  ;
;                                             ;                    ;
; I/O pins                                    ; 19                 ;
;                                             ;                    ;
; Embedded Multiplier 9-bit elements          ; 0                  ;
;                                             ;                    ;
; Maximum fan-out node                        ; halt_switch:hs|clk ;
; Maximum fan-out                             ; 577                ;
; Total fan-out                               ; 3697               ;
; Average fan-out                             ; 3.30               ;
+---------------------------------------------+--------------------+


+----------------------------------------------------------------------------------------------------------------------------------------------------------------------------------------------------------------------------------------------------------------+
; Analysis & Synthesis Resource Utilization by Entity                                                                                                                                                                                                            ;
+------------------------------+---------------------+---------------------------+-------------+------------+--------------+---------+-----------+------+--------------+------------+-------------------------------------------+-----------------+--------------+
; Compilation Hierarchy Node   ; Combinational ALUTs ; Dedicated Logic Registers ; Memory Bits ; UFM Blocks ; DSP Elements ; DSP 9x9 ; DSP 18x18 ; Pins ; Virtual Pins ; ADC blocks ; Full Hierarchy Name                       ; Entity Name     ; Library Name ;
+------------------------------+---------------------+---------------------------+-------------+------------+--------------+---------+-----------+------+--------------+------------+-------------------------------------------+-----------------+--------------+
; |top                         ; 503 (1)             ; 578 (0)                   ; 0           ; 0          ; 0            ; 0       ; 0         ; 19   ; 0            ; 0          ; |top                                      ; top             ; work         ;
;    |control_unit:cu|         ; 32 (0)              ; 17 (0)                    ; 0           ; 0          ; 0            ; 0       ; 0         ; 0    ; 0            ; 0          ; |top|control_unit:cu                      ; control_unit    ; work         ;
;       |inst_decoder:id|      ; 12 (12)             ; 0 (0)                     ; 0           ; 0          ; 0            ; 0       ; 0         ; 0    ; 0            ; 0          ; |top|control_unit:cu|inst_decoder:id      ; inst_decoder    ; work         ;
;       |jump_controller:jc|   ; 7 (7)               ; 0 (0)                     ; 0           ; 0          ; 0            ; 0       ; 0         ; 0    ; 0            ; 0          ; |top|control_unit:cu|jump_controller:jc   ; jump_controller ; work         ;
;       |prog_counter:pc|      ; 13 (13)             ; 13 (13)                   ; 0           ; 0          ; 0            ; 0       ; 0         ; 0    ; 0            ; 0          ; |top|control_unit:cu|prog_counter:pc      ; prog_counter    ; work         ;
;       |register:inst_buffer| ; 0 (0)               ; 4 (4)                     ; 0           ; 0          ; 0            ; 0       ; 0         ; 0    ; 0            ; 0          ; |top|control_unit:cu|register:inst_buffer ; register        ; work         ;
;    |cpu:cpu|                 ; 440 (0)             ; 544 (0)                   ; 0           ; 0          ; 0            ; 0       ; 0         ; 0    ; 0            ; 0          ; |top|cpu:cpu                              ; cpu             ; work         ;
;       |alu:alu|              ; 47 (47)             ; 0 (0)                     ; 0           ; 0          ; 0            ; 0       ; 0         ; 0    ; 0            ; 0          ; |top|cpu:cpu|alu:alu                      ; alu             ; work         ;
;       |data_memory:dm|       ; 393 (393)           ; 528 (528)                 ; 0           ; 0          ; 0            ; 0       ; 0         ; 0    ; 0            ; 0          ; |top|cpu:cpu|data_memory:dm               ; data_memory     ; work         ;
;       |register:acc|         ; 0 (0)               ; 16 (16)                   ; 0           ; 0          ; 0            ; 0       ; 0         ; 0    ; 0            ; 0          ; |top|cpu:cpu|register:acc                 ; register        ; work         ;
;    |halt_switch:hs|          ; 2 (2)               ; 1 (1)                     ; 0           ; 0          ; 0            ; 0       ; 0         ; 0    ; 0            ; 0          ; |top|halt_switch:hs                       ; halt_switch     ; work         ;
;    |prog_memory:pm|          ; 28 (28)             ; 0 (0)                     ; 0           ; 0          ; 0            ; 0       ; 0         ; 0    ; 0            ; 0          ; |top|prog_memory:pm                       ; prog_memory     ; work         ;
;    |register:output_reg|     ; 0 (0)               ; 16 (16)                   ; 0           ; 0          ; 0            ; 0       ; 0         ; 0    ; 0            ; 0          ; |top|register:output_reg                  ; register        ; work         ;
+------------------------------+---------------------+---------------------------+-------------+------------+--------------+---------+-----------+------+--------------+------------+-------------------------------------------+-----------------+--------------+
Note: For table entries with two numbers listed, the numbers in parentheses indicate the number of resources of the given type used by the specific entity alone. The numbers listed outside of parentheses indicate the total resources of the given type used by the specific entity and all of its sub-entities in the hierarchy.


+------------------------------------------------------------------------------------------+
; Registers Removed During Synthesis                                                       ;
+-------------------------------------------------+----------------------------------------+
; Register name                                   ; Reason for Removal                     ;
+-------------------------------------------------+----------------------------------------+
; control_unit:cu|register:inst_buffer|out[5..15] ; Stuck at GND due to stuck port data_in ;
; control_unit:cu|prog_counter:pc|out[13..15]     ; Lost fanout                            ;
; control_unit:cu|register:inst_buffer|out[4]     ; Stuck at GND due to stuck port data_in ;
; Total Number of Removed Registers = 15          ;                                        ;
+-------------------------------------------------+----------------------------------------+


+------------------------------------------------------+
; General Register Statistics                          ;
+----------------------------------------------+-------+
; Statistic                                    ; Value ;
+----------------------------------------------+-------+
; Total registers                              ; 578   ;
; Number of registers using Synchronous Clear  ; 0     ;
; Number of registers using Synchronous Load   ; 13    ;
; Number of registers using Asynchronous Clear ; 14    ;
; Number of registers using Asynchronous Load  ; 0     ;
; Number of registers using Clock Enable       ; 548   ;
; Number of registers using Preset             ; 0     ;
+----------------------------------------------+-------+


+-----------------------------------------------------+
; Post-Synthesis Netlist Statistics for Top Partition ;
+-----------------------+-----------------------------+
; Type                  ; Count                       ;
+-----------------------+-----------------------------+
; boundary_port         ; 19                          ;
; cycloneiii_ff         ; 578                         ;
;     CLR               ; 1                           ;
;     CLR SLD           ; 13                          ;
;     ENA               ; 548                         ;
;     plain             ; 16                          ;
; cycloneiii_lcell_comb ; 503                         ;
;     arith             ; 12                          ;
;         2 data inputs ; 12                          ;
;     normal            ; 491                         ;
;         0 data inputs ; 1                           ;
;         1 data inputs ; 1                           ;
;         2 data inputs ; 9                           ;
;         3 data inputs ; 45                          ;
;         4 data inputs ; 435                         ;
;                       ;                             ;
; Max LUT depth         ; 9.00                        ;
; Average LUT depth     ; 5.38                        ;
+-----------------------+-----------------------------+


+-------------------------------+
; Elapsed Time Per Partition    ;
+----------------+--------------+
; Partition Name ; Elapsed Time ;
+----------------+--------------+
; Top            ; 00:00:01     ;
+----------------+--------------+


+-------------------------------+
; Analysis & Synthesis Messages ;
+-------------------------------+
Info: *******************************************************************
Info: Running Quartus Prime Analysis & Synthesis
    Info: Version 20.1.1 Build 720 11/11/2020 SJ Lite Edition
    Info: Processing started: Sat Aug 16 15:07:20 2025
Info: Command: quartus_map --read_settings_files=on --write_settings_files=off small -c small
Warning (18236): Number of processors has not been specified which may cause overloading on shared machines.  Set the global assignment NUM_PARALLEL_PROCESSORS in your QSF to an appropriate value for best performance.
Info (20030): Parallel compilation is enabled and will use 6 of the 6 processors detected
Info (12021): Found 1 design units, including 1 entities, in source file /consoleenv/small-lang/fpga/src/top.sv
    Info (12023): Found entity 1: top File: D:/ConsoleEnv/small-lang/fpga/src/top.sv Line: 2
Info (12021): Found 1 design units, including 1 entities, in source file /consoleenv/small-lang/fpga/src/reg.sv
    Info (12023): Found entity 1: register File: D:/ConsoleEnv/small-lang/fpga/src/reg.sv Line: 1
Info (12021): Found 1 design units, including 1 entities, in source file /consoleenv/small-lang/fpga/src/prog_memory.sv
    Info (12023): Found entity 1: prog_memory File: D:/ConsoleEnv/small-lang/fpga/src/prog_memory.sv Line: 3
Info (12021): Found 1 design units, including 1 entities, in source file /consoleenv/small-lang/fpga/src/prog_counter.sv
    Info (12023): Found entity 1: prog_counter File: D:/ConsoleEnv/small-lang/fpga/src/prog_counter.sv Line: 3
Info (12021): Found 1 design units, including 1 entities, in source file /consoleenv/small-lang/fpga/src/jump_controller.sv
    Info (12023): Found entity 1: jump_controller File: D:/ConsoleEnv/small-lang/fpga/src/jump_controller.sv Line: 1
Info (12021): Found 1 design units, including 1 entities, in source file /consoleenv/small-lang/fpga/src/inst_decoder.sv
    Info (12023): Found entity 1: inst_decoder File: D:/ConsoleEnv/small-lang/fpga/src/inst_decoder.sv Line: 1
Info (12021): Found 1 design units, including 1 entities, in source file /consoleenv/small-lang/fpga/src/halt_switch.sv
    Info (12023): Found entity 1: halt_switch File: D:/ConsoleEnv/small-lang/fpga/src/halt_switch.sv Line: 1
Info (12021): Found 1 design units, including 1 entities, in source file /consoleenv/small-lang/fpga/src/data_memory.sv
    Info (12023): Found entity 1: data_memory File: D:/ConsoleEnv/small-lang/fpga/src/data_memory.sv Line: 1
Info (12021): Found 1 design units, including 1 entities, in source file /consoleenv/small-lang/fpga/src/cpu.sv
    Info (12023): Found entity 1: cpu File: D:/ConsoleEnv/small-lang/fpga/src/cpu.sv Line: 1
Info (12021): Found 1 design units, including 1 entities, in source file /consoleenv/small-lang/fpga/src/control_unit.sv
    Info (12023): Found entity 1: control_unit File: D:/ConsoleEnv/small-lang/fpga/src/control_unit.sv Line: 1
Info (12021): Found 1 design units, including 1 entities, in source file /consoleenv/small-lang/fpga/src/alu.sv
    Info (12023): Found entity 1: alu File: D:/ConsoleEnv/small-lang/fpga/src/alu.sv Line: 1
Info (12127): Elaborating entity "top" for the top level hierarchy
Warning (10034): Output port "clk_light" at top.sv(8) has no driver File: D:/ConsoleEnv/small-lang/fpga/src/top.sv Line: 8
Info (12128): Elaborating entity "halt_switch" for hierarchy "halt_switch:hs" File: D:/ConsoleEnv/small-lang/fpga/src/top.sv Line: 19
Info (12128): Elaborating entity "control_unit" for hierarchy "control_unit:cu" File: D:/ConsoleEnv/small-lang/fpga/src/top.sv Line: 39
Info (12128): Elaborating entity "prog_counter" for hierarchy "control_unit:cu|prog_counter:pc" File: D:/ConsoleEnv/small-lang/fpga/src/control_unit.sv Line: 39
Warning (10230): Verilog HDL assignment warning at prog_counter.sv(21): truncated value with size 32 to match size of target (16) File: D:/ConsoleEnv/small-lang/fpga/src/prog_counter.sv Line: 21
Info (12128): Elaborating entity "register" for hierarchy "control_unit:cu|register:inst_buffer" File: D:/ConsoleEnv/small-lang/fpga/src/control_unit.sv Line: 48
Info (12128): Elaborating entity "inst_decoder" for hierarchy "control_unit:cu|inst_decoder:id" File: D:/ConsoleEnv/small-lang/fpga/src/control_unit.sv Line: 66
Warning (10270): Verilog HDL Case Statement warning at inst_decoder.sv(32): incomplete case statement has no default case item File: D:/ConsoleEnv/small-lang/fpga/src/inst_decoder.sv Line: 32
Info (12128): Elaborating entity "jump_controller" for hierarchy "control_unit:cu|jump_controller:jc" File: D:/ConsoleEnv/small-lang/fpga/src/control_unit.sv Line: 73
Info (12128): Elaborating entity "prog_memory" for hierarchy "prog_memory:pm" File: D:/ConsoleEnv/small-lang/fpga/src/top.sv Line: 44
Warning (10850): Verilog HDL warning at prog_memory.sv(10): number of words (65536) in memory file does not match the number of elements in the address range [0:4096] File: D:/ConsoleEnv/small-lang/fpga/src/prog_memory.sv Line: 10
Warning (10030): Net "mem.data_a" at prog_memory.sv(8) has no driver or initial value, using a default initial value '0' File: D:/ConsoleEnv/small-lang/fpga/src/prog_memory.sv Line: 8
Warning (10030): Net "mem.waddr_a" at prog_memory.sv(8) has no driver or initial value, using a default initial value '0' File: D:/ConsoleEnv/small-lang/fpga/src/prog_memory.sv Line: 8
Warning (10030): Net "mem.we_a" at prog_memory.sv(8) has no driver or initial value, using a default initial value '0' File: D:/ConsoleEnv/small-lang/fpga/src/prog_memory.sv Line: 8
Info (12128): Elaborating entity "cpu" for hierarchy "cpu:cpu" File: D:/ConsoleEnv/small-lang/fpga/src/top.sv Line: 60
Info (12128): Elaborating entity "alu" for hierarchy "cpu:cpu|alu:alu" File: D:/ConsoleEnv/small-lang/fpga/src/cpu.sv Line: 41
Warning (10230): Verilog HDL assignment warning at alu.sv(20): truncated value with size 32 to match size of target (16) File: D:/ConsoleEnv/small-lang/fpga/src/alu.sv Line: 20
Info (12128): Elaborating entity "data_memory" for hierarchy "cpu:cpu|data_memory:dm" File: D:/ConsoleEnv/small-lang/fpga/src/cpu.sv Line: 56
Critical Warning (127005): Memory depth (8192) in the design file differs from memory depth (4097) in the Memory Initialization File "D:/ConsoleEnv/small-lang/fpga/quartus/db/small.ram0_prog_memory_a978eb0d.hdl.mif" -- setting initial value for remaining addresses to 0
Info (276014): Found 2 instances of uninferred RAM logic
    Info (276013): RAM logic "prog_memory:pm|mem" is uninferred because MIF is not supported for the selected family File: D:/ConsoleEnv/small-lang/fpga/src/prog_memory.sv Line: 8
    Info (276007): RAM logic "cpu:cpu|data_memory:dm|mem" is uninferred due to asynchronous read logic File: D:/ConsoleEnv/small-lang/fpga/src/data_memory.sv Line: 11
Warning (13024): Output pins are stuck at VCC or GND
    Warning (13410): Pin "clk_light" is stuck at GND File: D:/ConsoleEnv/small-lang/fpga/src/top.sv Line: 8
Info (286030): Timing-Driven Synthesis is running
Info (17049): 3 registers lost all their fanouts during netlist optimizations.
Info (16010): Generating hard_block partition "hard_block:auto_generated_inst"
    Info (16011): Adding 0 node(s), including 0 DDIO, 0 PLL, 0 transceiver and 0 LCELL
Info (21057): Implemented 1070 device resources after synthesis - the final resource count might be different
    Info (21058): Implemented 2 input pins
    Info (21059): Implemented 17 output pins
    Info (21061): Implemented 1051 logic cells
Info: Quartus Prime Analysis & Synthesis was successful. 0 errors, 12 warnings
    Info: Peak virtual memory: 4788 megabytes
    Info: Processing ended: Sat Aug 16 15:07:29 2025
    Info: Elapsed time: 00:00:09
    Info: Total CPU time (on all processors): 00:00:18


